INFO:     Will watch for changes in these directories: ['/Users/adarsh/Documents/cart-blanche']
INFO:     Uvicorn running on http://0.0.0.0:8000 (Press CTRL+C to quit)
INFO:     Started reloader process [77170] using StatReload
/Users/adarsh/Documents/cart-blanche/.venv/lib/python3.12/site-packages/google/adk/cli/fast_api.py:142: UserWarning: [EXPERIMENTAL] InMemoryCredentialService: This feature is experimental and may change or be removed in future versions without notice. It may introduce breaking changes at any time.
  credential_service = InMemoryCredentialService()
/Users/adarsh/Documents/cart-blanche/.venv/lib/python3.12/site-packages/google/adk/auth/credential_service/in_memory_credential_service.py:33: UserWarning: [EXPERIMENTAL] BaseCredentialService: This feature is experimental and may change or be removed in future versions without notice. It may introduce breaking changes at any time.
  super().__init__()
INFO:     Started server process [77213]
INFO:     Waiting for application startup.
INFO:     Application startup complete.
INFO:     127.0.0.1:57946 - "POST /apps/shopping_concierge/run HTTP/1.1" 500 Internal Server Error
WARNING:  StatReload detected changes in 'server/server_entry.py'. Reloading...
INFO:     Shutting down
INFO:     Waiting for application shutdown.
INFO:     Application shutdown complete.
INFO:     Finished server process [77213]
/Users/adarsh/Documents/cart-blanche/.venv/lib/python3.12/site-packages/google/adk/cli/fast_api.py:142: UserWarning: [EXPERIMENTAL] InMemoryCredentialService: This feature is experimental and may change or be removed in future versions without notice. It may introduce breaking changes at any time.
  credential_service = InMemoryCredentialService()
/Users/adarsh/Documents/cart-blanche/.venv/lib/python3.12/site-packages/google/adk/auth/credential_service/in_memory_credential_service.py:33: UserWarning: [EXPERIMENTAL] BaseCredentialService: This feature is experimental and may change or be removed in future versions without notice. It may introduce breaking changes at any time.
  super().__init__()
INFO:     Started server process [77606]
INFO:     Waiting for application startup.
INFO:     Application startup complete.
INFO:     127.0.0.1:57960 - "POST /apps/shopping_concierge/run HTTP/1.1" 500 Internal Server Error
WARNING:  StatReload detected changes in 'server/server_entry.py'. Reloading...
INFO:     Shutting down
INFO:     Waiting for application shutdown.
INFO:     Application shutdown complete.
INFO:     Finished server process [77606]
/Users/adarsh/Documents/cart-blanche/.venv/lib/python3.12/site-packages/google/adk/cli/fast_api.py:142: UserWarning: [EXPERIMENTAL] InMemoryCredentialService: This feature is experimental and may change or be removed in future versions without notice. It may introduce breaking changes at any time.
  credential_service = InMemoryCredentialService()
/Users/adarsh/Documents/cart-blanche/.venv/lib/python3.12/site-packages/google/adk/auth/credential_service/in_memory_credential_service.py:33: UserWarning: [EXPERIMENTAL] BaseCredentialService: This feature is experimental and may change or be removed in future versions without notice. It may introduce breaking changes at any time.
  super().__init__()
INFO:     Started server process [78089]
INFO:     Waiting for application startup.
INFO:     Application startup complete.
INFO:     127.0.0.1:57972 - "POST /apps/shopping_concierge/run HTTP/1.1" 500 Internal Server Error
WARNING:  StatReload detected changes in 'server/server_entry.py'. Reloading...
INFO:     Shutting down
INFO:     Waiting for application shutdown.
INFO:     Application shutdown complete.
INFO:     Finished server process [78089]
/Users/adarsh/Documents/cart-blanche/.venv/lib/python3.12/site-packages/google/adk/cli/fast_api.py:142: UserWarning: [EXPERIMENTAL] InMemoryCredentialService: This feature is experimental and may change or be removed in future versions without notice. It may introduce breaking changes at any time.
  credential_service = InMemoryCredentialService()
/Users/adarsh/Documents/cart-blanche/.venv/lib/python3.12/site-packages/google/adk/auth/credential_service/in_memory_credential_service.py:33: UserWarning: [EXPERIMENTAL] BaseCredentialService: This feature is experimental and may change or be removed in future versions without notice. It may introduce breaking changes at any time.
  super().__init__()
INFO:     Started server process [78493]
INFO:     Waiting for application startup.
INFO:     Application startup complete.
INFO:     127.0.0.1:57986 - "POST /apps/shopping_concierge/run HTTP/1.1" 500 Internal Server Error
WARNING:  StatReload detected changes in 'server/server_entry.py'. Reloading...
INFO:     Shutting down
INFO:     Waiting for application shutdown.
INFO:     Application shutdown complete.
INFO:     Finished server process [78493]
/Users/adarsh/Documents/cart-blanche/.venv/lib/python3.12/site-packages/google/adk/cli/fast_api.py:142: UserWarning: [EXPERIMENTAL] InMemoryCredentialService: This feature is experimental and may change or be removed in future versions without notice. It may introduce breaking changes at any time.
  credential_service = InMemoryCredentialService()
/Users/adarsh/Documents/cart-blanche/.venv/lib/python3.12/site-packages/google/adk/auth/credential_service/in_memory_credential_service.py:33: UserWarning: [EXPERIMENTAL] BaseCredentialService: This feature is experimental and may change or be removed in future versions without notice. It may introduce breaking changes at any time.
  super().__init__()
INFO:     Started server process [78906]
INFO:     Waiting for application startup.
INFO:     Application startup complete.
INFO:     127.0.0.1:57995 - "POST /apps/shopping_concierge/run HTTP/1.1" 500 Internal Server Error
WARNING:  StatReload detected changes in 'server/server_entry.py'. Reloading...
INFO:     Shutting down
INFO:     Waiting for application shutdown.
INFO:     Application shutdown complete.
INFO:     Finished server process [78906]
/Users/adarsh/Documents/cart-blanche/.venv/lib/python3.12/site-packages/google/adk/cli/fast_api.py:142: UserWarning: [EXPERIMENTAL] InMemoryCredentialService: This feature is experimental and may change or be removed in future versions without notice. It may introduce breaking changes at any time.
  credential_service = InMemoryCredentialService()
/Users/adarsh/Documents/cart-blanche/.venv/lib/python3.12/site-packages/google/adk/auth/credential_service/in_memory_credential_service.py:33: UserWarning: [EXPERIMENTAL] BaseCredentialService: This feature is experimental and may change or be removed in future versions without notice. It may introduce breaking changes at any time.
  super().__init__()
INFO:     Started server process [79563]
INFO:     Waiting for application startup.
INFO:     Application startup complete.
WARNING:  StatReload detected changes in 'server/server_entry.py'. Reloading...
INFO:     Shutting down
INFO:     Waiting for application shutdown.
INFO:     Application shutdown complete.
INFO:     Finished server process [79563]
/Users/adarsh/Documents/cart-blanche/.venv/lib/python3.12/site-packages/google/adk/cli/fast_api.py:142: UserWarning: [EXPERIMENTAL] InMemoryCredentialService: This feature is experimental and may change or be removed in future versions without notice. It may introduce breaking changes at any time.
  credential_service = InMemoryCredentialService()
/Users/adarsh/Documents/cart-blanche/.venv/lib/python3.12/site-packages/google/adk/auth/credential_service/in_memory_credential_service.py:33: UserWarning: [EXPERIMENTAL] BaseCredentialService: This feature is experimental and may change or be removed in future versions without notice. It may introduce breaking changes at any time.
  super().__init__()
INFO:     Started server process [92632]
INFO:     Waiting for application startup.
INFO:     Application startup complete.
